<?xml version="1.0" encoding="UTF-8" standalone="no"?>
<testsuite errors="0" failures="0" name="io.cucumber.core.plugin.JUnitFormatter" skipped="0" tests="2" time="65.783">
    <testcase classname="Check home screen functionalities" name="check logout link" time="22.303">
        <system-out>
            <![CDATA[Given user in the login screen..............................................passed
When user enters username and password......................................passed
And clicks on login button..................................................passed
Then user is navigated to the home screen...................................passed
When user click on welcome link.............................................passed
Then logout option is visible...............................................passed
]]>
        </system-out>
    </testcase>
    <testcase classname="Check home screen functionalities" name="check the quick launch toolbar is present" time="43.249">
        <system-out>
            <![CDATA[Given user in the login screen..............................................passed
When user enters username and password......................................passed
And clicks on login button..................................................passed
Then user is navigated to the home screen...................................passed
When user click on dashboard screen.........................................passed
]]>
        </system-out>
    </testcase>
</testsuite>
