<?xml version="1.0" encoding="UTF-8"?>
<testng-results ignored="0" total="0" passed="0" failed="0" skipped="0">
  <reporter-output>
  </reporter-output>
  <suite started-at="2022-10-06T15:54:47 BDT" name="Command line suite" finished-at="2022-10-06T15:54:47 BDT" duration-ms="23">
    <groups>
    </groups>
    <test started-at="2022-10-06T15:54:47 BDT" name="Command line test" finished-at="2022-10-06T15:54:47 BDT" duration-ms="23">
    </test> <!-- Command line test -->
  </suite> <!-- Command line suite -->
</testng-results>
